android-lrc-view-oyp-master/app/build/outputs/logs/manifest-merger-debug-report.txt
-- Merging decision tree log ---
manifest
ADDED from src\main\AndroidManifest.xml:1:1-26:12
	package
		ADDED from src\main\AndroidManifest.xml:2:5-26
		INJECTED from src\main\AndroidManifest.xml
		INJECTED from src\main\AndroidManifest.xml
	android:versionName
		ADDED from src\main\AndroidManifest.xml:4:5-30
		INJECTED from src\main\AndroidManifest.xml
		INJECTED from src\main\AndroidManifest.xml
	android:versionCode
		ADDED from src\main\AndroidManifest.xml:3:5-28
		INJECTED from src\main\AndroidManifest.xml
		INJECTED from src\main\AndroidManifest.xml
	xmlns:android
		ADDED from src\main\AndroidManifest.xml:1:11-69
uses-sdk
ADDED from src\main\AndroidManifest.xml:6:5-8:41
	android:targetSdkVersion
		ADDED from src\main\AndroidManifest.xml:8:9-38
		INJECTED from src\main\AndroidManifest.xml
		INJECTED from src\main\AndroidManifest.xml
	android:minSdkVersion
		ADDED from src\main\AndroidManifest.xml:7:9-34
		INJECTED from src\main\AndroidManifest.xml
		INJECTED from src\main\AndroidManifest.xml
application
ADDED from src\main\AndroidManifest.xml:10:5-24:19
	android:label
		ADDED from src\main\AndroidManifest.xml:12:9-36
	android:icon
		ADDED from src\main\AndroidManifest.xml:11:9-45
	android:theme
		ADDED from src\main\AndroidManifest.xml:13:9-73
activity#com.oyp.lrc.MainActivity
ADDED from src\main\AndroidManifest.xml:14:9-23:20
	android:screenOrientation
		ADDED from src\main\AndroidManifest.xml:17:13-49
	android:label
		ADDED from src\main\AndroidManifest.xml:16:13-40
	android:name
		ADDED from src\main\AndroidManifest.xml:15:13-41
intent-filter#android.intent.action.MAIN+android.intent.category.LAUNCHER
ADDED from src\main\AndroidManifest.xml:19:13-22:29
action#android.intent.action.MAIN
ADDED from src\main\AndroidManifest.xml:20:17-69
	android:name
		ADDED from src\main\AndroidManifest.xml:20:25-66
category#android.intent.category.LAUNCHER
ADDED from src\main\AndroidManifest.xml:21:17-77
	android:name
		ADDED from src\main\AndroidManifest.xml:21:27-74